
----------------- suspicious naming in NOTE LECTURER detected -----------------
path: 3/Group_Theory/2015_?.pdf
url: https://drive.google.com/file/d/1qA42BMwg3k8uQmNZFFyOeGExnZq8KclD
---------------------------------------------------------------------------------
"Лукашов_1" is not in database.
Occurrences:
    path: 3/Calculus/2020_Лукашов_1.pdf
    url: https://drive.google.com/file/d/1-R7rv-_8SC53dXCEDwhq0PCmvy9KDnJa


"Лукашов_2" is not in database.
Occurrences:
    path: 3/Calculus/2020_Лукашов_2.pdf
    url: https://drive.google.com/file/d/1e4JTdvcDjzsIBrxF94Qrm-U2W4sEtrF-


"?" is not in database.
Occurrences:
    path: 3/Group_Theory/2015_?.pdf
    url: https://drive.google.com/file/d/1qA42BMwg3k8uQmNZFFyOeGExnZq8KclD


"analytic geometry" is not in database.
Occurrences:
    path: 1/Analytic_Geometry/2016_Кожевников.pdf
    url: https://drive.google.com/file/d/1FgtpRopu4f6e6Sjg_65ntlRT236cscGT
    path: 1/Analytic_Geometry/2018_Подлипский.pdf
    url: https://drive.google.com/file/d/1mN8Q0Xln2HUQroV7NodhgTyMJcLfK9bA


